-------------------------------------------------------------------------------
Test set: com.handson.tinyurl.TinyurlApplicationTests
-------------------------------------------------------------------------------
Tests run: 1, Failures: 0, Errors: 1, Skipped: 0, Time elapsed: 9.357 s <<< FAILURE! - in com.handson.tinyurl.TinyurlApplicationTests
contextLoads  Time elapsed: 0.005 s  <<< ERROR!
java.lang.IllegalStateException: Failed to load ApplicationContext
Caused by: org.springframework.beans.factory.UnsatisfiedDependencyException: Error creating bean with name 'appController': Unsatisfied dependency expressed through field 'userClickRepository'; nested exception is org.springframework.beans.factory.BeanCreationException: Error creating bean with name 'userClickRepository' defined in com.handson.tinyurl.repository.UserClickRepository defined in @EnableCassandraRepositories declared on CassandraRepositoriesRegistrar.EnableCassandraRepositoriesConfiguration: Cannot resolve reference to bean 'cassandraTemplate' while setting bean property 'cassandraTemplate'; nested exception is org.springframework.beans.factory.UnsatisfiedDependencyException: Error creating bean with name 'org.springframework.boot.autoconfigure.data.cassandra.CassandraDataAutoConfiguration': Unsatisfied dependency expressed through constructor parameter 0; nested exception is org.springframework.beans.factory.BeanCreationException: Error creating bean with name 'cassandraSession' defined in class path resource [com/handson/tinyurl/config/CassandraConfig.class]: Bean instantiation via factory method failed; nested exception is org.springframework.beans.BeanInstantiationException: Failed to instantiate [com.datastax.oss.driver.api.core.CqlSession]: Factory method 'getCassandraSession' threw exception; nested exception is com.datastax.oss.driver.api.core.AllNodesFailedException: Could not reach any contact point, make sure you've provided valid addresses (showing first 1 nodes, use getAllErrors() for more): Node(endPoint=cassandra:9042, hostId=null, hashCode=4eecc1f3): [java.net.UnknownHostException: cassandra]
Caused by: org.springframework.beans.factory.BeanCreationException: Error creating bean with name 'userClickRepository' defined in com.handson.tinyurl.repository.UserClickRepository defined in @EnableCassandraRepositories declared on CassandraRepositoriesRegistrar.EnableCassandraRepositoriesConfiguration: Cannot resolve reference to bean 'cassandraTemplate' while setting bean property 'cassandraTemplate'; nested exception is org.springframework.beans.factory.UnsatisfiedDependencyException: Error creating bean with name 'org.springframework.boot.autoconfigure.data.cassandra.CassandraDataAutoConfiguration': Unsatisfied dependency expressed through constructor parameter 0; nested exception is org.springframework.beans.factory.BeanCreationException: Error creating bean with name 'cassandraSession' defined in class path resource [com/handson/tinyurl/config/CassandraConfig.class]: Bean instantiation via factory method failed; nested exception is org.springframework.beans.BeanInstantiationException: Failed to instantiate [com.datastax.oss.driver.api.core.CqlSession]: Factory method 'getCassandraSession' threw exception; nested exception is com.datastax.oss.driver.api.core.AllNodesFailedException: Could not reach any contact point, make sure you've provided valid addresses (showing first 1 nodes, use getAllErrors() for more): Node(endPoint=cassandra:9042, hostId=null, hashCode=4eecc1f3): [java.net.UnknownHostException: cassandra]
Caused by: org.springframework.beans.factory.UnsatisfiedDependencyException: Error creating bean with name 'org.springframework.boot.autoconfigure.data.cassandra.CassandraDataAutoConfiguration': Unsatisfied dependency expressed through constructor parameter 0; nested exception is org.springframework.beans.factory.BeanCreationException: Error creating bean with name 'cassandraSession' defined in class path resource [com/handson/tinyurl/config/CassandraConfig.class]: Bean instantiation via factory method failed; nested exception is org.springframework.beans.BeanInstantiationException: Failed to instantiate [com.datastax.oss.driver.api.core.CqlSession]: Factory method 'getCassandraSession' threw exception; nested exception is com.datastax.oss.driver.api.core.AllNodesFailedException: Could not reach any contact point, make sure you've provided valid addresses (showing first 1 nodes, use getAllErrors() for more): Node(endPoint=cassandra:9042, hostId=null, hashCode=4eecc1f3): [java.net.UnknownHostException: cassandra]
Caused by: org.springframework.beans.factory.BeanCreationException: Error creating bean with name 'cassandraSession' defined in class path resource [com/handson/tinyurl/config/CassandraConfig.class]: Bean instantiation via factory method failed; nested exception is org.springframework.beans.BeanInstantiationException: Failed to instantiate [com.datastax.oss.driver.api.core.CqlSession]: Factory method 'getCassandraSession' threw exception; nested exception is com.datastax.oss.driver.api.core.AllNodesFailedException: Could not reach any contact point, make sure you've provided valid addresses (showing first 1 nodes, use getAllErrors() for more): Node(endPoint=cassandra:9042, hostId=null, hashCode=4eecc1f3): [java.net.UnknownHostException: cassandra]
Caused by: org.springframework.beans.BeanInstantiationException: Failed to instantiate [com.datastax.oss.driver.api.core.CqlSession]: Factory method 'getCassandraSession' threw exception; nested exception is com.datastax.oss.driver.api.core.AllNodesFailedException: Could not reach any contact point, make sure you've provided valid addresses (showing first 1 nodes, use getAllErrors() for more): Node(endPoint=cassandra:9042, hostId=null, hashCode=4eecc1f3): [java.net.UnknownHostException: cassandra]
Caused by: com.datastax.oss.driver.api.core.AllNodesFailedException: Could not reach any contact point, make sure you've provided valid addresses (showing first 1 nodes, use getAllErrors() for more): Node(endPoint=cassandra:9042, hostId=null, hashCode=4eecc1f3): [java.net.UnknownHostException: cassandra]

